c:\users\grigo\source\repos\ais2\debug\ais2.lib
c:\users\grigo\source\repos\ais2\debug\ais2.exp
c:\users\grigo\source\repos\ais2\debug\vc141.pdb
c:\users\grigo\source\repos\ais2\debug\vc141.idb
c:\users\grigo\source\repos\ais2\debug\main.obj
c:\users\grigo\source\repos\ais2\debug\list.obj
c:\users\grigo\source\repos\ais2\debug\ais2.exe
c:\users\grigo\source\repos\ais2\debug\ais2.ilk
c:\users\grigo\source\repos\ais2\debug\ais2.pdb
c:\users\grigo\source\repos\ais2\debug\unittest2.ilk
c:\users\grigo\source\repos\ais2\debug\unittest2.exp
c:\users\grigo\source\repos\ais2\debug\ais2.idb
c:\users\grigo\source\repos\ais2\debug\unittest2.pdb
c:\users\grigo\source\repos\ais2\debug\ais2.tlog\ais2.write.1u.tlog
c:\users\grigo\source\repos\ais2\debug\ais2.tlog\cl.command.1.tlog
c:\users\grigo\source\repos\ais2\debug\ais2.tlog\cl.read.1.tlog
c:\users\grigo\source\repos\ais2\debug\ais2.tlog\cl.write.1.tlog
c:\users\grigo\source\repos\ais2\debug\ais2.tlog\lib-link.read.1.tlog
c:\users\grigo\source\repos\ais2\debug\ais2.tlog\lib-link.write.1.tlog
c:\users\grigo\source\repos\ais2\debug\ais2.tlog\lib.command.1.tlog
c:\users\grigo\source\repos\ais2\debug\ais2.tlog\link.command.1.tlog
c:\users\grigo\source\repos\ais2\debug\ais2.tlog\link.delete.1.tlog
c:\users\grigo\source\repos\ais2\debug\ais2.tlog\link.read.1.tlog
c:\users\grigo\source\repos\ais2\debug\ais2.tlog\link.write.1.tlog
